d:\works\open\jzmq\jzmq20170423\jzmq-jni\builds\msvc\jzmq\x64\release\vc120.pdb
d:\works\open\jzmq\jzmq20170423\jzmq-jni\builds\msvc\jzmq\x64\release\event.obj
d:\works\open\jzmq\jzmq20170423\jzmq-jni\builds\msvc\jzmq\x64\release\curve.obj
d:\works\open\jzmq\jzmq20170423\jzmq-jni\builds\msvc\jzmq\x64\release\zmq.obj
d:\works\open\jzmq\jzmq20170423\jzmq-jni\builds\msvc\jzmq\x64\release\util.obj
d:\works\open\jzmq\jzmq20170423\jzmq-jni\builds\msvc\jzmq\x64\release\socket.obj
d:\works\open\jzmq\jzmq20170423\jzmq-jni\builds\msvc\jzmq\x64\release\poller.obj
d:\works\open\jzmq\jzmq20170423\jzmq-jni\builds\msvc\jzmq\x64\release\context.obj
d:\works\open\jzmq\jzmq20170423\jzmq-jni\builds\msvc\jzmq\org_zeromq_zmq.h
d:\works\open\jzmq\jzmq20170423\jzmq-jni\builds\msvc\jzmq\org_zeromq_zmqexception.h
d:\works\open\jzmq\jzmq20170423\jzmq-jni\builds\msvc\jzmq\org_zeromq_zmqsrteamer.h
d:\works\open\jzmq\jzmq20170423\jzmq-jni\builds\msvc\x64\release\jzmq.lib
d:\works\open\jzmq\jzmq20170423\jzmq-jni\builds\msvc\x64\release\jzmq.exp
d:\works\open\jzmq\jzmq20170423\jzmq-jni\lib\jzmq.dll
d:\works\open\jzmq\jzmq20170423\jzmq-jni\builds\msvc\x64\release\jzmq.pdb
d:\works\open\jzmq\jzmq20170423\jzmq-jni\builds\msvc\jzmq\x64\release\jzmq.tlog\cl.command.1.tlog
d:\works\open\jzmq\jzmq20170423\jzmq-jni\builds\msvc\jzmq\x64\release\jzmq.tlog\cl.read.1.tlog
d:\works\open\jzmq\jzmq20170423\jzmq-jni\builds\msvc\jzmq\x64\release\jzmq.tlog\cl.write.1.tlog
d:\works\open\jzmq\jzmq20170423\jzmq-jni\builds\msvc\jzmq\x64\release\jzmq.tlog\custombuild.command.1.tlog
d:\works\open\jzmq\jzmq20170423\jzmq-jni\builds\msvc\jzmq\x64\release\jzmq.tlog\custombuild.read.1.tlog
d:\works\open\jzmq\jzmq20170423\jzmq-jni\builds\msvc\jzmq\x64\release\jzmq.tlog\custombuild.write.1.tlog
d:\works\open\jzmq\jzmq20170423\jzmq-jni\builds\msvc\jzmq\x64\release\jzmq.tlog\jzmq.write.1u.tlog
d:\works\open\jzmq\jzmq20170423\jzmq-jni\builds\msvc\jzmq\x64\release\jzmq.tlog\link.command.1.tlog
d:\works\open\jzmq\jzmq20170423\jzmq-jni\builds\msvc\jzmq\x64\release\jzmq.tlog\link.read.1.tlog
d:\works\open\jzmq\jzmq20170423\jzmq-jni\builds\msvc\jzmq\x64\release\jzmq.tlog\link.write.1.tlog
